Performing C SOURCE FILE Test CMAKE_HAVE_LIBC_PTHREAD failed with the following output:
Change Dir: /home/pi/pile-placer/api/proj-8.1.0/build/CMakeFiles/CMakeTmp

Run Build Command(s):/usr/bin/make -f Makefile cmTC_77f46/fast && /usr/bin/make  -f CMakeFiles/cmTC_77f46.dir/build.make CMakeFiles/cmTC_77f46.dir/build
make[1]: Entering directory '/home/pi/pile-placer/api/proj-8.1.0/build/CMakeFiles/CMakeTmp'
Building C object CMakeFiles/cmTC_77f46.dir/src.c.o
/usr/bin/cc -DCMAKE_HAVE_LIBC_PTHREAD  -std=c99 -o CMakeFiles/cmTC_77f46.dir/src.c.o -c /home/pi/pile-placer/api/proj-8.1.0/build/CMakeFiles/CMakeTmp/src.c
Linking C executable cmTC_77f46
/snap/cmake/920/bin/cmake -E cmake_link_script CMakeFiles/cmTC_77f46.dir/link.txt --verbose=1
/usr/bin/cc CMakeFiles/cmTC_77f46.dir/src.c.o -o cmTC_77f46 
/usr/bin/ld: CMakeFiles/cmTC_77f46.dir/src.c.o: in function `main':
src.c:(.text+0x40): undefined reference to `pthread_create'
/usr/bin/ld: src.c:(.text+0x4c): undefined reference to `pthread_detach'
/usr/bin/ld: src.c:(.text+0x58): undefined reference to `pthread_cancel'
/usr/bin/ld: src.c:(.text+0x68): undefined reference to `pthread_join'
collect2: error: ld returned 1 exit status
make[1]: *** [CMakeFiles/cmTC_77f46.dir/build.make:99: cmTC_77f46] Error 1
make[1]: Leaving directory '/home/pi/pile-placer/api/proj-8.1.0/build/CMakeFiles/CMakeTmp'
make: *** [Makefile:127: cmTC_77f46/fast] Error 2


Source file was:
#include <pthread.h>

static void* test_func(void* data)
{
  return data;
}

int main(void)
{
  pthread_t thread;
  pthread_create(&thread, NULL, test_func, NULL);
  pthread_detach(thread);
  pthread_cancel(thread);
  pthread_join(thread, NULL);
  pthread_atfork(NULL, NULL, NULL);
  pthread_exit(NULL);

  return 0;
}

Determining if the function pthread_create exists in the pthreads failed with the following output:
Change Dir: /home/pi/pile-placer/api/proj-8.1.0/build/CMakeFiles/CMakeTmp

Run Build Command(s):/usr/bin/make -f Makefile cmTC_24a3d/fast && /usr/bin/make  -f CMakeFiles/cmTC_24a3d.dir/build.make CMakeFiles/cmTC_24a3d.dir/build
make[1]: Entering directory '/home/pi/pile-placer/api/proj-8.1.0/build/CMakeFiles/CMakeTmp'
Building C object CMakeFiles/cmTC_24a3d.dir/CheckFunctionExists.c.o
/usr/bin/cc   -DCHECK_FUNCTION_EXISTS=pthread_create -std=c99 -o CMakeFiles/cmTC_24a3d.dir/CheckFunctionExists.c.o -c /snap/cmake/920/share/cmake-3.21/Modules/CheckFunctionExists.c
Linking C executable cmTC_24a3d
/snap/cmake/920/bin/cmake -E cmake_link_script CMakeFiles/cmTC_24a3d.dir/link.txt --verbose=1
/usr/bin/cc  -DCHECK_FUNCTION_EXISTS=pthread_create CMakeFiles/cmTC_24a3d.dir/CheckFunctionExists.c.o -o cmTC_24a3d  -lpthreads 
/usr/bin/ld: cannot find -lpthreads
collect2: error: ld returned 1 exit status
make[1]: *** [CMakeFiles/cmTC_24a3d.dir/build.make:99: cmTC_24a3d] Error 1
make[1]: Leaving directory '/home/pi/pile-placer/api/proj-8.1.0/build/CMakeFiles/CMakeTmp'
make: *** [Makefile:127: cmTC_24a3d/fast] Error 2



Performing C SOURCE FILE Test HAVE_PTHREAD_MUTEX_RECURSIVE_DEFN failed with the following output:
Change Dir: /home/pi/pile-placer/api/proj-8.1.0/build/CMakeFiles/CMakeTmp

Run Build Command(s):/usr/bin/make -f Makefile cmTC_a01f0/fast && /usr/bin/make  -f CMakeFiles/cmTC_a01f0.dir/build.make CMakeFiles/cmTC_a01f0.dir/build
make[1]: Entering directory '/home/pi/pile-placer/api/proj-8.1.0/build/CMakeFiles/CMakeTmp'
Building C object CMakeFiles/cmTC_a01f0.dir/src.c.o
/usr/bin/cc -DHAVE_PTHREAD_MUTEX_RECURSIVE_DEFN  -Werror -Wall -std=c99 -o CMakeFiles/cmTC_a01f0.dir/src.c.o -c /home/pi/pile-placer/api/proj-8.1.0/build/CMakeFiles/CMakeTmp/src.c
/home/pi/pile-placer/api/proj-8.1.0/build/CMakeFiles/CMakeTmp/src.c: In function ‘main’:
/home/pi/pile-placer/api/proj-8.1.0/build/CMakeFiles/CMakeTmp/src.c:5:9: error: ‘PTHREAD_MUTEX_RECURSIVE’ undeclared (first use in this function); did you mean ‘PTHREAD_MUTEX_RECURSIVE_NP’?
   (void)PTHREAD_MUTEX_RECURSIVE;
         ^~~~~~~~~~~~~~~~~~~~~~~
         PTHREAD_MUTEX_RECURSIVE_NP
/home/pi/pile-placer/api/proj-8.1.0/build/CMakeFiles/CMakeTmp/src.c:5:9: note: each undeclared identifier is reported only once for each function it appears in
make[1]: *** [CMakeFiles/cmTC_a01f0.dir/build.make:78: CMakeFiles/cmTC_a01f0.dir/src.c.o] Error 1
make[1]: Leaving directory '/home/pi/pile-placer/api/proj-8.1.0/build/CMakeFiles/CMakeTmp'
make: *** [Makefile:127: cmTC_a01f0/fast] Error 2


Source file was:

#include <pthread.h>

int main(int argc, char* argv[]) {
  (void)PTHREAD_MUTEX_RECURSIVE;
  (void)argv;
  return argc;
}
  
